<?xml version="1.0" encoding="UTF-8"?>
<!-- Generated by org.testng.reporters.JUnitXMLReporter -->
<testsuite ignored="0" hostname="DESKTOP-EF3RM9N" failures="0" tests="1" name="Default test" time="62.433" errors="0" timestamp="2025-02-09T15:31:15 IST">
  <testcase classname="com.sugarCRMGenericLib.Browser" name="@BeforeTest setup" time="50.131">
    <failure type="java.lang.NullPointerException" message="Cannot invoke &amp;quot;org.testng.asserts.SoftAssert.assertTrue(boolean, String)&amp;quot; because &amp;quot;com.sugerCRMPageObjectLib.SugarCRMLogin.ast&amp;quot; is null">
      <![CDATA[java.lang.NullPointerException: Cannot invoke "org.testng.asserts.SoftAssert.assertTrue(boolean, String)" because "com.sugerCRMPageObjectLib.SugarCRMLogin.ast" is null
at com.sugerCRMPageObjectLib.SugarCRMLogin.slogin(SugarCRMLogin.java:68)
at com.sugarCRMGenericLib.Browser.setup(Browser.java:111)
at java.base/jdk.internal.reflect.DirectMethodHandleAccessor.invoke(DirectMethodHandleAccessor.java:103)
at java.base/java.lang.reflect.Method.invoke(Method.java:580)
at org.testng.internal.MethodInvocationHelper.invokeMethod(MethodInvocationHelper.java:134)
at org.testng.internal.MethodInvocationHelper.invokeMethodConsideringTimeout(MethodInvocationHelper.java:63)
at org.testng.internal.ConfigInvoker.invokeConfigurationMethod(ConfigInvoker.java:348)
at org.testng.internal.ConfigInvoker.invokeConfigurations(ConfigInvoker.java:302)
at org.testng.TestRunner.invokeTestConfigurations(TestRunner.java:619)
at org.testng.TestRunner.beforeRun(TestRunner.java:609)
at org.testng.TestRunner.run(TestRunner.java:580)
at org.testng.SuiteRunner.runTest(SuiteRunner.java:384)
at org.testng.SuiteRunner.runSequentially(SuiteRunner.java:378)
at org.testng.SuiteRunner.privateRun(SuiteRunner.java:337)
at org.testng.SuiteRunner.run(SuiteRunner.java:286)
at org.testng.SuiteRunnerWorker.runSuite(SuiteRunnerWorker.java:53)
at org.testng.SuiteRunnerWorker.run(SuiteRunnerWorker.java:96)
at org.testng.TestNG.runSuitesSequentially(TestNG.java:1187)
at org.testng.TestNG.runSuitesLocally(TestNG.java:1109)
at org.testng.TestNG.runSuites(TestNG.java:1039)
at org.testng.TestNG.run(TestNG.java:1007)
at org.testng.remote.AbstractRemoteTestNG.run(AbstractRemoteTestNG.java:115)
at org.testng.remote.RemoteTestNG.initAndRun(RemoteTestNG.java:293)
at org.testng.remote.RemoteTestNG.main(RemoteTestNG.java:91)
]]>
    </failure>
  </testcase> <!-- @BeforeTest setup -->
  <testcase classname="com.sugarCRMGenericLib.BaseClassLoader" name="@BeforeClass LoadMethods" time="-1.739095275508E9">
    <skipped/>
  </testcase> <!-- @BeforeClass LoadMethods -->
  <testcase classname="com.sugarCRMGenericLib.Browser" name="@AfterTest tearDown" time="-1.739095275522E9">
    <skipped/>
  </testcase> <!-- @AfterTest tearDown -->
  <testcase classname="ProspectTestCases.Tc_sugarCRM_001_ProspectCreationAndVerification2" name="prospectCaseCreationAndVerification" time="0.0">
    <skipped/>
  </testcase> <!-- prospectCaseCreationAndVerification -->
</testsuite> <!-- Default test -->
