<?xml version="1.0" encoding="UTF-8"?>
<testng-results ignored="0" total="1" passed="0" failed="0" skipped="1">
  <reporter-output>
  </reporter-output>
  <suite started-at="2025-02-09T15:30:13 IST" name="Default suite" finished-at="2025-02-09T15:31:15 IST" duration-ms="62433">
    <groups>
    </groups>
    <test started-at="2025-02-09T15:30:13 IST" name="Default test" finished-at="2025-02-09T15:31:15 IST" duration-ms="62433">
      <class name="ProspectTestCases.Tc_sugarCRM_001_ProspectCreationAndVerification2">
        <test-method is-config="true" signature="Loadlogfile()[pri:0, instance:ProspectTestCases.Tc_sugarCRM_001_ProspectCreationAndVerification2@9d5509a]" started-at="2025-02-09T15:30:13 IST" name="Loadlogfile" finished-at="2025-02-09T15:30:13 IST" duration-ms="61" status="PASS">
          <reporter-output>
          </reporter-output>
        </test-method> <!-- Loadlogfile -->
        <test-method is-config="true" signature="getBrowser()[pri:0, instance:ProspectTestCases.Tc_sugarCRM_001_ProspectCreationAndVerification2@9d5509a]" started-at="2025-02-09T15:30:13 IST" name="getBrowser" finished-at="2025-02-09T15:30:25 IST" duration-ms="12263" status="PASS">
          <reporter-output>
          </reporter-output>
        </test-method> <!-- getBrowser -->
        <test-method is-config="true" signature="setup()[pri:0, instance:ProspectTestCases.Tc_sugarCRM_001_ProspectCreationAndVerification2@9d5509a]" started-at="2025-02-09T15:30:25 IST" name="setup" finished-at="2025-02-09T15:31:15 IST" duration-ms="50131" status="FAIL">
          <exception class="java.lang.NullPointerException">
            <message>
              <![CDATA[Cannot invoke "org.testng.asserts.SoftAssert.assertTrue(boolean, String)" because "com.sugerCRMPageObjectLib.SugarCRMLogin.ast" is null]]>
            </message>
            <full-stacktrace>
              <![CDATA[java.lang.NullPointerException: Cannot invoke "org.testng.asserts.SoftAssert.assertTrue(boolean, String)" because "com.sugerCRMPageObjectLib.SugarCRMLogin.ast" is null
at com.sugerCRMPageObjectLib.SugarCRMLogin.slogin(SugarCRMLogin.java:68)
at com.sugarCRMGenericLib.Browser.setup(Browser.java:111)
at java.base/jdk.internal.reflect.DirectMethodHandleAccessor.invoke(DirectMethodHandleAccessor.java:103)
at java.base/java.lang.reflect.Method.invoke(Method.java:580)
at org.testng.internal.MethodInvocationHelper.invokeMethod(MethodInvocationHelper.java:134)
at org.testng.internal.MethodInvocationHelper.invokeMethodConsideringTimeout(MethodInvocationHelper.java:63)
at org.testng.internal.ConfigInvoker.invokeConfigurationMethod(ConfigInvoker.java:348)
at org.testng.internal.ConfigInvoker.invokeConfigurations(ConfigInvoker.java:302)
at org.testng.TestRunner.invokeTestConfigurations(TestRunner.java:619)
at org.testng.TestRunner.beforeRun(TestRunner.java:609)
at org.testng.TestRunner.run(TestRunner.java:580)
at org.testng.SuiteRunner.runTest(SuiteRunner.java:384)
at org.testng.SuiteRunner.runSequentially(SuiteRunner.java:378)
at org.testng.SuiteRunner.privateRun(SuiteRunner.java:337)
at org.testng.SuiteRunner.run(SuiteRunner.java:286)
at org.testng.SuiteRunnerWorker.runSuite(SuiteRunnerWorker.java:53)
at org.testng.SuiteRunnerWorker.run(SuiteRunnerWorker.java:96)
at org.testng.TestNG.runSuitesSequentially(TestNG.java:1187)
at org.testng.TestNG.runSuitesLocally(TestNG.java:1109)
at org.testng.TestNG.runSuites(TestNG.java:1039)
at org.testng.TestNG.run(TestNG.java:1007)
at org.testng.remote.AbstractRemoteTestNG.run(AbstractRemoteTestNG.java:115)
at org.testng.remote.RemoteTestNG.initAndRun(RemoteTestNG.java:293)
at org.testng.remote.RemoteTestNG.main(RemoteTestNG.java:91)
]]>
            </full-stacktrace>
          </exception> <!-- java.lang.NullPointerException -->
          <reporter-output>
          </reporter-output>
        </test-method> <!-- setup -->
        <test-method is-config="true" signature="LoadMethods()[pri:0, instance:ProspectTestCases.Tc_sugarCRM_001_ProspectCreationAndVerification2@9d5509a]" started-at="2025-02-09T15:31:15 IST" name="LoadMethods" finished-at="1970-01-01T05:30:00 IST" duration-ms="-1739095275508" status="SKIP">
          <reporter-output>
          </reporter-output>
        </test-method> <!-- LoadMethods -->
        <test-method signature="prospectCaseCreationAndVerification()[pri:0, instance:ProspectTestCases.Tc_sugarCRM_001_ProspectCreationAndVerification2@9d5509a]" started-at="2025-02-09T15:31:15 IST" name="prospectCaseCreationAndVerification" finished-at="2025-02-09T15:31:15 IST" duration-ms="0" status="SKIP">
          <exception class="java.lang.NullPointerException">
            <message>
              <![CDATA[Cannot invoke "org.testng.asserts.SoftAssert.assertTrue(boolean, String)" because "com.sugerCRMPageObjectLib.SugarCRMLogin.ast" is null]]>
            </message>
            <full-stacktrace>
              <![CDATA[java.lang.NullPointerException: Cannot invoke "org.testng.asserts.SoftAssert.assertTrue(boolean, String)" because "com.sugerCRMPageObjectLib.SugarCRMLogin.ast" is null
at com.sugerCRMPageObjectLib.SugarCRMLogin.slogin(SugarCRMLogin.java:68)
at com.sugarCRMGenericLib.Browser.setup(Browser.java:111)
at java.base/jdk.internal.reflect.DirectMethodHandleAccessor.invoke(DirectMethodHandleAccessor.java:103)
at java.base/java.lang.reflect.Method.invoke(Method.java:580)
at org.testng.internal.MethodInvocationHelper.invokeMethod(MethodInvocationHelper.java:134)
at org.testng.internal.MethodInvocationHelper.invokeMethodConsideringTimeout(MethodInvocationHelper.java:63)
at org.testng.internal.ConfigInvoker.invokeConfigurationMethod(ConfigInvoker.java:348)
at org.testng.internal.ConfigInvoker.invokeConfigurations(ConfigInvoker.java:302)
at org.testng.TestRunner.invokeTestConfigurations(TestRunner.java:619)
at org.testng.TestRunner.beforeRun(TestRunner.java:609)
at org.testng.TestRunner.run(TestRunner.java:580)
at org.testng.SuiteRunner.runTest(SuiteRunner.java:384)
at org.testng.SuiteRunner.runSequentially(SuiteRunner.java:378)
at org.testng.SuiteRunner.privateRun(SuiteRunner.java:337)
at org.testng.SuiteRunner.run(SuiteRunner.java:286)
at org.testng.SuiteRunnerWorker.runSuite(SuiteRunnerWorker.java:53)
at org.testng.SuiteRunnerWorker.run(SuiteRunnerWorker.java:96)
at org.testng.TestNG.runSuitesSequentially(TestNG.java:1187)
at org.testng.TestNG.runSuitesLocally(TestNG.java:1109)
at org.testng.TestNG.runSuites(TestNG.java:1039)
at org.testng.TestNG.run(TestNG.java:1007)
at org.testng.remote.AbstractRemoteTestNG.run(AbstractRemoteTestNG.java:115)
at org.testng.remote.RemoteTestNG.initAndRun(RemoteTestNG.java:293)
at org.testng.remote.RemoteTestNG.main(RemoteTestNG.java:91)
]]>
            </full-stacktrace>
          </exception> <!-- java.lang.NullPointerException -->
          <reporter-output>
          </reporter-output>
        </test-method> <!-- prospectCaseCreationAndVerification -->
        <test-method is-config="true" signature="tearDown()[pri:0, instance:ProspectTestCases.Tc_sugarCRM_001_ProspectCreationAndVerification2@9d5509a]" started-at="2025-02-09T15:31:15 IST" name="tearDown" finished-at="1970-01-01T05:30:00 IST" duration-ms="-1739095275522" status="SKIP">
          <reporter-output>
          </reporter-output>
        </test-method> <!-- tearDown -->
      </class> <!-- ProspectTestCases.Tc_sugarCRM_001_ProspectCreationAndVerification2 -->
    </test> <!-- Default test -->
  </suite> <!-- Default suite -->
</testng-results>
